<?xml version="1.0" encoding="UTF-8"?>
<!-- Generated by org.testng.reporters.JUnitXMLReporter -->
<testsuite ignored="0" hostname="LAPTOP-BPCGH62E" failures="0" tests="3" name="Default test" time="14.57" errors="0" timestamp="2023-09-27T19:51:25 GMT-04:00">
  <testcase classname="test.FaceBookLoginTest" name="loginWithInvalidUserNameAndValidPassword" time="0.417"/>
  <testcase classname="test.FaceBookLoginTest" name="loginWithValidCredentials" time="0.328"/>
  <testcase classname="test.FaceBookLoginTest" name="loginWithValidUserNameAndInvalidPassword" time="0.285"/>
</testsuite> <!-- Default test -->
