<?xml version="1.0" encoding="UTF-8"?>
<testng-results ignored="0" total="1" passed="1" failed="0" skipped="0">
  <reporter-output>
  </reporter-output>
  <suite started-at="2023-10-02T21:10:42 GMT-04:00" name="Default suite" finished-at="2023-10-02T21:10:42 GMT-04:00" duration-ms="66">
    <groups>
    </groups>
    <test started-at="2023-10-02T21:10:42 GMT-04:00" name="Default test" finished-at="2023-10-02T21:10:42 GMT-04:00" duration-ms="66">
      <class name="test.Demotest4">
        <test-method signature="demoTest()[pri:0, instance:test.Demotest4@11392934]" started-at="2023-10-02T21:10:42 GMT-04:00" name="demoTest" finished-at="2023-10-02T21:10:42 GMT-04:00" duration-ms="9" status="PASS">
          <reporter-output>
          </reporter-output>
        </test-method> <!-- demoTest -->
      </class> <!-- test.Demotest4 -->
    </test> <!-- Default test -->
  </suite> <!-- Default suite -->
</testng-results>
